Copyright 1986-2018 Xilinx, Inc. All Rights Reserved.
-------------------------------------------------------------------------------------------------------------------------------------------------------------------
| Tool Version     : Vivado v.2018.2.1 (win64) Build 2288692 Thu Jul 26 18:24:02 MDT 2018
| Date             : Sat May 11 17:31:05 2019
| Host             : LAPTOP-LTO7EJI2 running 64-bit major release  (build 9200)
| Command          : report_power -file alarm_clock_top_power_routed.rpt -pb alarm_clock_top_power_summary_routed.pb -rpx alarm_clock_top_power_routed.rpx
| Design           : alarm_clock_top
| Device           : xc7a100tcsg324-1
| Design State     : routed
| Grade            : commercial
| Process          : typical
| Characterization : Production
-------------------------------------------------------------------------------------------------------------------------------------------------------------------

Power Report

Table of Contents
-----------------
1. Summary
1.1 On-Chip Components
1.2 Power Supply Summary
1.3 Confidence Level
2. Settings
2.1 Environment
2.2 Clock Constraints
3. Detailed Reports
3.1 By Hierarchy

1. Summary
----------

+--------------------------+----------------------------------+
| Total On-Chip Power (W)  | 26.408 (Junction temp exceeded!) |
| Design Power Budget (W)  | Unspecified*                     |
| Power Budget Margin (W)  | NA                               |
| Dynamic (W)              | 25.611                           |
| Device Static (W)        | 0.797                            |
| Effective TJA (C/W)      | 4.6                              |
| Max Ambient (C)          | 0.0                              |
| Junction Temperature (C) | 125.0                            |
| Confidence Level         | Low                              |
| Setting File             | ---                              |
| Simulation Activity File | ---                              |
| Design Nets Matched      | NA                               |
+--------------------------+----------------------------------+
* Specify Design Power Budget using, set_operating_conditions -design_power_budget <value in Watts>


1.1 On-Chip Components
----------------------

+----------------+-----------+----------+-----------+-----------------+
| On-Chip        | Power (W) | Used     | Available | Utilization (%) |
+----------------+-----------+----------+-----------+-----------------+
| Slice Logic    |     3.839 |     1492 |       --- |             --- |
|   LUT as Logic |     3.289 |      768 |     63400 |            1.21 |
|   CARRY4       |     0.474 |      171 |     15850 |            1.08 |
|   Register     |     0.065 |      284 |    126800 |            0.22 |
|   BUFG         |     0.006 |        1 |        32 |            3.13 |
|   F7/F8 Muxes  |     0.005 |        9 |     63400 |            0.01 |
|   Others       |     0.000 |       47 |       --- |             --- |
| Signals        |     3.547 |     1278 |       --- |             --- |
| Block RAM      |     0.058 |      0.5 |       135 |            0.37 |
| DSPs           |     0.014 |        1 |       240 |            0.42 |
| I/O            |    18.153 |       38 |       210 |           18.10 |
| Static Power   |     0.797 |          |           |                 |
| Total          |    26.408 |          |           |                 |
+----------------+-----------+----------+-----------+-----------------+


1.2 Power Supply Summary
------------------------

+-----------+-------------+-----------+-------------+------------+
| Source    | Voltage (V) | Total (A) | Dynamic (A) | Static (A) |
+-----------+-------------+-----------+-------------+------------+
| Vccint    |       1.000 |     8.052 |       7.489 |      0.563 |
| Vccaux    |       1.800 |     0.757 |       0.664 |      0.093 |
| Vcco33    |       3.300 |     5.132 |       5.128 |      0.004 |
| Vcco25    |       2.500 |     0.000 |       0.000 |      0.000 |
| Vcco18    |       1.800 |     0.000 |       0.000 |      0.000 |
| Vcco15    |       1.500 |     0.000 |       0.000 |      0.000 |
| Vcco135   |       1.350 |     0.000 |       0.000 |      0.000 |
| Vcco12    |       1.200 |     0.000 |       0.000 |      0.000 |
| Vccaux_io |       1.800 |     0.000 |       0.000 |      0.000 |
| Vccbram   |       1.000 |     0.023 |       0.005 |      0.018 |
| MGTAVcc   |       1.000 |     0.000 |       0.000 |      0.000 |
| MGTAVtt   |       1.200 |     0.000 |       0.000 |      0.000 |
| Vccadc    |       1.800 |     0.020 |       0.000 |      0.020 |
+-----------+-------------+-----------+-------------+------------+


1.3 Confidence Level
--------------------

+-----------------------------+------------+--------------------------------------------------------+--------------------------------------------------------------------------------------------------------------------+
| User Input Data             | Confidence | Details                                                | Action                                                                                                             |
+-----------------------------+------------+--------------------------------------------------------+--------------------------------------------------------------------------------------------------------------------+
| Design implementation state | High       | Design is routed                                       |                                                                                                                    |
| Clock nodes activity        | Low        | User specified less than 75% of clocks                 | Provide missing clock activity with a constraint file, simulation results or by editing the "By Clock Domain" view |
| I/O nodes activity          | Low        | More than 75% of inputs are missing user specification | Provide missing input activity with simulation results or by editing the "By Resource Type -> I/Os" view           |
| Internal nodes activity     | Medium     | User specified less than 25% of internal nodes         | Provide missing internal nodes activity with simulation results or by editing the "By Resource Type" views         |
| Device models               | High       | Device models are Production                           |                                                                                                                    |
|                             |            |                                                        |                                                                                                                    |
| Overall confidence level    | Low        |                                                        |                                                                                                                    |
+-----------------------------+------------+--------------------------------------------------------+--------------------------------------------------------------------------------------------------------------------+


2. Settings
-----------

2.1 Environment
---------------

+-----------------------+--------------------------+
| Ambient Temp (C)      | 25.0                     |
| ThetaJA (C/W)         | 4.6                      |
| Airflow (LFM)         | 250                      |
| Heat Sink             | medium (Medium Profile)  |
| ThetaSA (C/W)         | 4.6                      |
| Board Selection       | medium (10"x10")         |
| # of Board Layers     | 12to15 (12 to 15 Layers) |
| Board Temperature (C) | 25.0                     |
+-----------------------+--------------------------+


2.2 Clock Constraints
---------------------

+-------+--------+-----------------+
| Clock | Domain | Constraint (ns) |
+-------+--------+-----------------+


3. Detailed Reports
-------------------

3.1 By Hierarchy
----------------

+----------------------------------+-----------+
| Name                             | Power (W) |
+----------------------------------+-----------+
| alarm_clock_top                  |    25.611 |
|   U0_set_signal_detect           |     0.005 |
|   clk_module                     |     2.117 |
|   clock_alarm                    |     0.196 |
|   decre_key                      |     0.125 |
|     counter_mod_100HZ            |     0.124 |
|   incre_key                      |     0.136 |
|     counter_mod_100HZ            |     0.133 |
|   left_key                       |     0.133 |
|     counter_mod_100HZ            |     0.131 |
|   minutes_counter                |     0.060 |
|     signal_edge                  |    <0.001 |
|   right_key                      |     0.125 |
|     counter_mod_100HZ            |     0.124 |
|   second_counter                 |     0.037 |
|     signal_edge                  |     0.000 |
|   set_alarm_module               |     0.057 |
|   set_key                        |     0.121 |
|     counter_mod_100HZ            |     0.120 |
|   set_time_module                |     0.094 |
|     decrementBtn_pos_edge_detect |     0.000 |
|     enterBtn_pos_edge_detect     |     0.000 |
|     incrementBtn_pos_edge_detect |     0.004 |
|   song_player_module             |     3.767 |
|   two_counter                    |     0.328 |
+----------------------------------+-----------+


